[debug] [2017-08-21T21:06:34.125Z] ----------------------------------------------------------------------
[debug] [2017-08-21T21:06:34.127Z] Command:       C:\Program Files (x86)\nodejs\node.exe C:\Users\authorizeduser\AppData\Roaming\npm\node_modules\firebase-tools\bin\firebase deploy
[debug] [2017-08-21T21:06:34.127Z] CLI Version:   3.9.2
[debug] [2017-08-21T21:06:34.127Z] Platform:      win32
[debug] [2017-08-21T21:06:34.128Z] Node Version:  v6.11.1
[debug] [2017-08-21T21:06:34.128Z] Time:          Mon Aug 21 2017 17:06:34 GMT-0400 (Eastern Daylight Time)
[debug] [2017-08-21T21:06:34.128Z] ----------------------------------------------------------------------
[debug] 
[debug] [2017-08-21T21:06:34.139Z] > command requires scopes: ["email","openid","https://www.googleapis.com/auth/cloudplatformprojects.readonly","https://www.googleapis.com/auth/firebase","https://www.googleapis.com/auth/cloud-platform"]
[debug] [2017-08-21T21:06:34.139Z] > authorizing via signed-in user
[debug] [2017-08-21T21:06:34.141Z] > refreshing access token with scopes: ["email","https://www.googleapis.com/auth/cloud-platform","https://www.googleapis.com/auth/cloudplatformprojects.readonly","https://www.googleapis.com/auth/firebase","openid"]
[debug] [2017-08-21T21:06:34.141Z] >>> HTTP REQUEST POST https://www.googleapis.com/oauth2/v3/token { refresh_token: '1/iEJiFjxuwYRKMsjVjYs6d_mjGjYwgePopgtHgmg7-_Q',
  client_id: '563584335869-fgrhgmd47bqnekij5i8b5pr03ho849e6.apps.googleusercontent.com',
  client_secret: 'j9iVZfS8kkCEFUPaAeJV0sAi',
  grant_type: 'refresh_token',
  scope: 'email https://www.googleapis.com/auth/cloud-platform https://www.googleapis.com/auth/cloudplatformprojects.readonly https://www.googleapis.com/auth/firebase openid' } 
 Mon Aug 21 2017 17:06:34 GMT-0400 (Eastern Daylight Time)
[debug] [2017-08-21T21:06:34.352Z] <<< HTTP RESPONSE 200
[debug] [2017-08-21T21:06:34.369Z] >>> HTTP REQUEST GET https://admin.firebase.com/v1/projects/cureconnectdevenv  
 Mon Aug 21 2017 17:06:34 GMT-0400 (Eastern Daylight Time)
[debug] [2017-08-21T21:06:34.881Z] <<< HTTP RESPONSE 200
[debug] [2017-08-21T21:06:34.883Z] >>> HTTP REQUEST GET https://admin.firebase.com/v1/database/cureconnectdevenv/tokens  
 Mon Aug 21 2017 17:06:34 GMT-0400 (Eastern Daylight Time)
[debug] [2017-08-21T21:06:35.267Z] <<< HTTP RESPONSE 200
[info] 
[info] === Deploying to 'cureconnectdevenv'...
[info] 
[info] i  deploying database, hosting
[info] +  database: rules ready to deploy.
[info] i  hosting: preparing public directory for upload...
[debug] [2017-08-21T21:06:36.651Z] >>> HTTP REQUEST PUT https://deploy.firebase.com/v1/hosting/cureconnectdevenv/uploads/-Ks5b_dQwLCX7sLzK9rF?fileCount=63&message=  
 Mon Aug 21 2017 17:06:36 GMT-0400 (Eastern Daylight Time)
